<?xml version="1.0" encoding="UTF-8"?>
<!-- Generated by org.testng.reporters.JUnitXMLReporter -->
<testsuite ignored="0" hostname="DESKTOP-U8SA3SG" failures="0" tests="6" name="Test" time="1.376" errors="0" timestamp="2024-08-07T16:36:45 IST">
  <testcase classname="testt.TestExecution" name="@BeforeMethod launch" time="0.971">
    <failure type="java.lang.NoSuchMethodError" message="&amp;apos;java.lang.String org.apache.commons.io.IOUtils.toString(java.io.InputStream, java.nio.charset.Charset)&amp;apos;">
      <![CDATA[java.lang.NoSuchMethodError: 'java.lang.String org.apache.commons.io.IOUtils.toString(java.io.InputStream, java.nio.charset.Charset)'
at io.github.bonigarcia.wdm.versions.VersionDetector.getProperties(VersionDetector.java:350)
at io.github.bonigarcia.wdm.versions.VersionDetector.getBrowserVersionFromTheShell(VersionDetector.java:249)
at io.github.bonigarcia.wdm.WebDriverManager.getBrowserVersionFromTheShell(WebDriverManager.java:1334)
at io.github.bonigarcia.wdm.WebDriverManager.detectBrowserVersion(WebDriverManager.java:1354)
at io.github.bonigarcia.wdm.WebDriverManager.resolveDriverVersion(WebDriverManager.java:1205)
at io.github.bonigarcia.wdm.WebDriverManager.manage(WebDriverManager.java:1155)
at io.github.bonigarcia.wdm.WebDriverManager.setup(WebDriverManager.java:427)
at base.Base.launchBrowser(Base.java:38)
at testt.TestExecution.launch(TestExecution.java:23)
at java.base/java.util.concurrent.ThreadPoolExecutor.runWorker(ThreadPoolExecutor.java:1136)
at java.base/java.util.concurrent.ThreadPoolExecutor$Worker.run(ThreadPoolExecutor.java:635)
at java.base/java.lang.Thread.run(Thread.java:833)
... Removed 16 stack frames]]>
    </failure>
  </testcase> <!-- @BeforeMethod launch -->
  <testcase classname="testt.TestExecution" name="@BeforeMethod launch" time="0.0">
    <skipped/>
  </testcase> <!-- @BeforeMethod launch -->
  <testcase classname="testt.TestExecution" name="@BeforeMethod launch" time="0.0">
    <skipped/>
  </testcase> <!-- @BeforeMethod launch -->
  <testcase classname="testt.TestExecution" name="@BeforeMethod launch" time="0.0">
    <skipped/>
  </testcase> <!-- @BeforeMethod launch -->
  <testcase classname="testt.TestExecution" name="@BeforeMethod launch" time="0.0">
    <skipped/>
  </testcase> <!-- @BeforeMethod launch -->
  <testcase classname="testt.TestExecution" name="@BeforeMethod launch" time="0.0">
    <skipped/>
  </testcase> <!-- @BeforeMethod launch -->
  <testcase classname="testt.TestExecution" name="verifyLogin" time="0.0">
    <skipped/>
  </testcase> <!-- verifyLogin -->
  <testcase classname="testt.TestExecution" name="shopHPLaptop" time="0.0">
    <skipped/>
  </testcase> <!-- shopHPLaptop -->
  <testcase classname="testt.TestExecution" name="selectHPLaptopToCart" time="0.0">
    <skipped/>
  </testcase> <!-- selectHPLaptopToCart -->
  <testcase classname="testt.TestExecution" name="searchAppleLaptop" time="0.0">
    <skipped/>
  </testcase> <!-- searchAppleLaptop -->
  <testcase classname="testt.TestExecution" name="addAppleLaptopToCart" time="0.0">
    <skipped/>
  </testcase> <!-- addAppleLaptopToCart -->
  <testcase classname="testt.TestExecution" name="viewCartDetails" time="0.0">
    <skipped/>
  </testcase> <!-- viewCartDetails -->
</testsuite> <!-- Test -->
